C:\USERS\NOBU\2019\PROGRAM\UBX_CQ_F9P\DEBUG\RTK.EXE
C:\USERS\NOBU\2019\PROGRAM\UBX_CQ_F9P\DEBUG\RTK.ILK
C:\USERS\NOBU\2019\PROGRAM\UBX_CQ_F9P\DEBUG\RTK.PDB
C:\USERS\NOBU\2019\PROGRAM\UBX_CQ_F9P\RTK\DEBUG\BRINV.OBJ
C:\USERS\NOBU\2019\PROGRAM\UBX_CQ_F9P\RTK\DEBUG\BRMUL.OBJ
C:\USERS\NOBU\2019\PROGRAM\UBX_CQ_F9P\RTK\DEBUG\CALC_DIRECTION.OBJ
C:\USERS\NOBU\2019\PROGRAM\UBX_CQ_F9P\RTK\DEBUG\CALC_IONO_MODEL.OBJ
C:\USERS\NOBU\2019\PROGRAM\UBX_CQ_F9P\RTK\DEBUG\CALC_POS.OBJ
C:\USERS\NOBU\2019\PROGRAM\UBX_CQ_F9P\RTK\DEBUG\CALC_POS2.OBJ
C:\USERS\NOBU\2019\PROGRAM\UBX_CQ_F9P\RTK\DEBUG\CALC_RTK_GQ_F9P.OBJ
C:\USERS\NOBU\2019\PROGRAM\UBX_CQ_F9P\RTK\DEBUG\CALC_RTK_GQB_F9P.OBJ
C:\USERS\NOBU\2019\PROGRAM\UBX_CQ_F9P\RTK\DEBUG\CALC_RTK_GQE.OBJ
C:\USERS\NOBU\2019\PROGRAM\UBX_CQ_F9P\RTK\DEBUG\CALC_RTK_GQE_F9P.OBJ
C:\USERS\NOBU\2019\PROGRAM\UBX_CQ_F9P\RTK\DEBUG\CALC_RTK_GQEB.OBJ
C:\USERS\NOBU\2019\PROGRAM\UBX_CQ_F9P\RTK\DEBUG\CALC_RTK_GQEB_F9P.OBJ
C:\USERS\NOBU\2019\PROGRAM\UBX_CQ_F9P\RTK\DEBUG\CALC_RTK_GQER.OBJ
C:\USERS\NOBU\2019\PROGRAM\UBX_CQ_F9P\RTK\DEBUG\CALC_SATPOS.OBJ
C:\USERS\NOBU\2019\PROGRAM\UBX_CQ_F9P\RTK\DEBUG\CALC_TROPO.OBJ
C:\USERS\NOBU\2019\PROGRAM\UBX_CQ_F9P\RTK\DEBUG\CHECK_CN.OBJ
C:\USERS\NOBU\2019\PROGRAM\UBX_CQ_F9P\RTK\DEBUG\CHOOSE_SAT.OBJ
C:\Users\nobu\2019\program\ubx_cq_F9P\rtk\Debug\cl.command.1.tlog
C:\Users\nobu\2019\program\ubx_cq_F9P\rtk\Debug\CL.read.1.tlog
C:\Users\nobu\2019\program\ubx_cq_F9P\rtk\Debug\CL.write.1.tlog
C:\USERS\NOBU\2019\PROGRAM\UBX_CQ_F9P\RTK\DEBUG\FILE_CLOSE.OBJ
C:\USERS\NOBU\2019\PROGRAM\UBX_CQ_F9P\RTK\DEBUG\LAMBDA.OBJ
C:\USERS\NOBU\2019\PROGRAM\UBX_CQ_F9P\RTK\DEBUG\LEAST_SQUARE.OBJ
C:\Users\nobu\2019\program\ubx_cq_F9P\rtk\Debug\link.13712.read.1.tlog
C:\Users\nobu\2019\program\ubx_cq_F9P\rtk\Debug\link.13712.write.1.tlog
C:\Users\nobu\2019\program\ubx_cq_F9P\rtk\Debug\link.13712-cvtres.read.1.tlog
C:\Users\nobu\2019\program\ubx_cq_F9P\rtk\Debug\link.13712-cvtres.write.1.tlog
C:\Users\nobu\2019\program\ubx_cq_F9P\rtk\Debug\link.command.1.tlog
C:\Users\nobu\2019\program\ubx_cq_F9P\rtk\Debug\link.read.1.tlog
C:\Users\nobu\2019\program\ubx_cq_F9P\rtk\Debug\link.write.1.tlog
C:\Users\nobu\2019\program\ubx_cq_F9P\rtk\Debug\link-cvtres.read.1.tlog
C:\Users\nobu\2019\program\ubx_cq_F9P\rtk\Debug\link-cvtres.write.1.tlog
C:\USERS\NOBU\2019\PROGRAM\UBX_CQ_F9P\RTK\DEBUG\MAIN.OBJ
C:\USERS\NOBU\2019\PROGRAM\UBX_CQ_F9P\RTK\DEBUG\MATINV.OBJ
C:\USERS\NOBU\2019\PROGRAM\UBX_CQ_F9P\RTK\DEBUG\MINV.OBJ
C:\Users\nobu\2019\program\ubx_cq_F9P\rtk\Debug\mt.command.1.tlog
C:\Users\nobu\2019\program\ubx_cq_F9P\rtk\Debug\mt.read.1.tlog
C:\Users\nobu\2019\program\ubx_cq_F9P\rtk\Debug\mt.write.1.tlog
C:\USERS\NOBU\2019\PROGRAM\UBX_CQ_F9P\RTK\DEBUG\NEWTON.OBJ
C:\Users\nobu\2019\program\ubx_cq_F9P\rtk\Debug\rc.command.1.tlog
C:\Users\nobu\2019\program\ubx_cq_F9P\rtk\Debug\rc.read.1.tlog
C:\Users\nobu\2019\program\ubx_cq_F9P\rtk\Debug\rc.write.1.tlog
C:\USERS\NOBU\2019\PROGRAM\UBX_CQ_F9P\RTK\DEBUG\READ_DATA.OBJ
C:\USERS\NOBU\2019\PROGRAM\UBX_CQ_F9P\RTK\DEBUG\READ_RINEX_NAV.OBJ
C:\USERS\NOBU\2019\PROGRAM\UBX_CQ_F9P\RTK\DEBUG\READ_RINEX_OBS302.OBJ
C:\USERS\NOBU\2019\PROGRAM\UBX_CQ_F9P\RTK\DEBUG\RINEX_TIME.OBJ
C:\USERS\NOBU\2019\PROGRAM\UBX_CQ_F9P\RTK\DEBUG\RTK.EXE.EMBED.MANIFEST
C:\USERS\NOBU\2019\PROGRAM\UBX_CQ_F9P\RTK\DEBUG\RTK.EXE.EMBED.MANIFEST.RES
C:\USERS\NOBU\2019\PROGRAM\UBX_CQ_F9P\RTK\DEBUG\RTK.EXE.INTERMEDIATE.MANIFEST
C:\Users\nobu\2019\program\ubx_cq_F9P\rtk\Debug\rtk.write.1.tlog
C:\Users\nobu\2019\program\ubx_cq_F9P\rtk\Debug\rtk_manifest.rc
C:\USERS\NOBU\2019\PROGRAM\UBX_CQ_F9P\RTK\DEBUG\RTKCMN.OBJ
C:\USERS\NOBU\2019\PROGRAM\UBX_CQ_F9P\RTK\DEBUG\SET_INITIAL_VALUE.OBJ
C:\USERS\NOBU\2019\PROGRAM\UBX_CQ_F9P\RTK\DEBUG\TRANS_COORDINATE.OBJ
C:\USERS\NOBU\2019\PROGRAM\UBX_CQ_F9P\RTK\DEBUG\TRANS_XYZ_LLH.OBJ
C:\Users\nobu\2019\program\ubx_cq_F9P\rtk\Debug\vc100.idb
C:\USERS\NOBU\2019\PROGRAM\UBX_CQ_F9P\RTK\DEBUG\VC100.PDB
C:\USERS\NOBU\2019\PROGRAM\UBX_CQ_F9P\RTK\DEBUG\W_INV.OBJ
C:\USERS\NOBU\2019\PROGRAM\UBX_CQ_F9P\RTK\DEBUG\W_INVERSE_FLOAT2.OBJ
